[INFO] Scanning for projects...
[INFO]                                                                         
[INFO] ------------------------------------------------------------------------
[INFO] Building TheWorldNews 0.0.1-SNAPSHOT
[INFO] ------------------------------------------------------------------------
[INFO] 
[INFO] >>> jetty-maven-plugin:9.1.2.v20140210:run (default-cli) @ TheWorldNews >>>
[INFO] 
[INFO] --- maven-resources-plugin:2.3:resources (default-resources) @ TheWorldNews ---
[WARNING] Using platform encoding (UTF-8 actually) to copy filtered resources, i.e. build is platform dependent!
[INFO] skip non existing resourceDirectory /home/meelis/TheWorldNews/src/main/resources
[INFO] 
[INFO] --- maven-compiler-plugin:3.1:compile (default-compile) @ TheWorldNews ---
[INFO] Nothing to compile - all classes are up to date
[INFO] 
[INFO] --- maven-resources-plugin:2.3:testResources (default-testResources) @ TheWorldNews ---
[WARNING] Using platform encoding (UTF-8 actually) to copy filtered resources, i.e. build is platform dependent!
[INFO] skip non existing resourceDirectory /home/meelis/TheWorldNews/src/test/resources
[INFO] 
[INFO] --- maven-compiler-plugin:3.1:testCompile (default-testCompile) @ TheWorldNews ---
[INFO] No sources to compile
[INFO] 
[INFO] <<< jetty-maven-plugin:9.1.2.v20140210:run (default-cli) @ TheWorldNews <<<
[INFO] 
[INFO] --- jetty-maven-plugin:9.1.2.v20140210:run (default-cli) @ TheWorldNews ---
[INFO] Configuring Jetty for project: TheWorldNews
[INFO] webAppSourceDirectory not set. Trying src/main/webapp
[INFO] Reload Mechanic: automatic
[INFO] Classes = /home/meelis/TheWorldNews/target/classes
[INFO] Context path = /
[INFO] Tmp directory = /home/meelis/TheWorldNews/target/tmp
[INFO] Web defaults = org/eclipse/jetty/webapp/webdefault.xml
[INFO] Web overrides =  none
[INFO] web.xml file = file:/home/meelis/TheWorldNews/src/main/webapp/WEB-INF/web.xml
[INFO] Webapp directory = /home/meelis/TheWorldNews/src/main/webapp
2014-04-06 22:17:29.513:INFO:oejs.Server:main: jetty-9.1.2.v20140210
2014-04-06 22:17:30.242:INFO:oeja.AnnotationConfiguration:main: Scanned 1 container path jars, 21 WEB-INF/lib jars, 1 WEB-INF/classes dirs in 456ms for context o.e.j.m.p.JettyWebAppContext@63fd4873{/,file:/home/meelis/TheWorldNews/src/main/webapp/,STARTING}{file:/home/meelis/TheWorldNews/src/main/webapp/}
2014-04-06 22:17:30.243:WARN:oejw.WebAppContext:main: Failed startup of context o.e.j.m.p.JettyWebAppContext@63fd4873{/,file:/home/meelis/TheWorldNews/src/main/webapp/,STARTING}{file:/home/meelis/TheWorldNews/src/main/webapp/}
MultiException[java.lang.RuntimeException: Error scanning file UserMemory.class, java.lang.RuntimeException: Error scanning file UserDataProvider.class, java.lang.RuntimeException: Error scanning file User.class]
	at org.eclipse.jetty.annotations.AnnotationConfiguration.scanForAnnotations(AnnotationConfiguration.java:519)
	at org.eclipse.jetty.annotations.AnnotationConfiguration.configure(AnnotationConfiguration.java:441)
	at org.eclipse.jetty.webapp.WebAppContext.configure(WebAppContext.java:466)
	at org.eclipse.jetty.webapp.WebAppContext.startContext(WebAppContext.java:1342)
	at org.eclipse.jetty.server.handler.ContextHandler.doStart(ContextHandler.java:745)
	at org.eclipse.jetty.webapp.WebAppContext.doStart(WebAppContext.java:492)
	at org.eclipse.jetty.maven.plugin.JettyWebAppContext.doStart(JettyWebAppContext.java:282)
	at org.eclipse.jetty.util.component.AbstractLifeCycle.start(AbstractLifeCycle.java:69)
	at org.eclipse.jetty.util.component.ContainerLifeCycle.start(ContainerLifeCycle.java:117)
	at org.eclipse.jetty.util.component.ContainerLifeCycle.doStart(ContainerLifeCycle.java:99)
	at org.eclipse.jetty.server.handler.AbstractHandler.doStart(AbstractHandler.java:60)
	at org.eclipse.jetty.server.handler.ContextHandlerCollection.doStart(ContextHandlerCollection.java:154)
	at org.eclipse.jetty.util.component.AbstractLifeCycle.start(AbstractLifeCycle.java:69)
	at org.eclipse.jetty.util.component.ContainerLifeCycle.start(ContainerLifeCycle.java:117)
	at org.eclipse.jetty.util.component.ContainerLifeCycle.doStart(ContainerLifeCycle.java:99)
	at org.eclipse.jetty.server.handler.AbstractHandler.doStart(AbstractHandler.java:60)
	at org.eclipse.jetty.util.component.AbstractLifeCycle.start(AbstractLifeCycle.java:69)
	at org.eclipse.jetty.util.component.ContainerLifeCycle.start(ContainerLifeCycle.java:117)
	at org.eclipse.jetty.server.Server.start(Server.java:355)
	at org.eclipse.jetty.util.component.ContainerLifeCycle.doStart(ContainerLifeCycle.java:99)
	at org.eclipse.jetty.server.handler.AbstractHandler.doStart(AbstractHandler.java:60)
	at org.eclipse.jetty.server.Server.doStart(Server.java:324)
	at org.eclipse.jetty.maven.plugin.JettyServer.doStart(JettyServer.java:68)
	at org.eclipse.jetty.util.component.AbstractLifeCycle.start(AbstractLifeCycle.java:69)
	at org.eclipse.jetty.maven.plugin.AbstractJettyMojo.startJetty(AbstractJettyMojo.java:564)
	at org.eclipse.jetty.maven.plugin.AbstractJettyMojo.execute(AbstractJettyMojo.java:360)
	at org.eclipse.jetty.maven.plugin.JettyRunMojo.execute(JettyRunMojo.java:168)
	at org.apache.maven.plugin.DefaultBuildPluginManager.executeMojo(DefaultBuildPluginManager.java:101)
	at org.apache.maven.lifecycle.internal.MojoExecutor.execute(MojoExecutor.java:209)
	at org.apache.maven.lifecycle.internal.MojoExecutor.execute(MojoExecutor.java:153)
	at org.apache.maven.lifecycle.internal.MojoExecutor.execute(MojoExecutor.java:145)
	at org.apache.maven.lifecycle.internal.LifecycleModuleBuilder.buildProject(LifecycleModuleBuilder.java:84)
	at org.apache.maven.lifecycle.internal.LifecycleModuleBuilder.buildProject(LifecycleModuleBuilder.java:59)
	at org.apache.maven.lifecycle.internal.LifecycleStarter.singleThreadedBuild(LifecycleStarter.java:183)
	at org.apache.maven.lifecycle.internal.LifecycleStarter.execute(LifecycleStarter.java:161)
	at org.apache.maven.DefaultMaven.doExecute(DefaultMaven.java:320)
	at org.apache.maven.DefaultMaven.execute(DefaultMaven.java:156)
	at org.apache.maven.cli.MavenCli.execute(MavenCli.java:537)
	at org.apache.maven.cli.MavenCli.doMain(MavenCli.java:196)
	at org.apache.maven.cli.MavenCli.main(MavenCli.java:141)
	at sun.reflect.NativeMethodAccessorImpl.invoke0(Native Method)
	at sun.reflect.NativeMethodAccessorImpl.invoke(NativeMethodAccessorImpl.java:62)
	at sun.reflect.DelegatingMethodAccessorImpl.invoke(DelegatingMethodAccessorImpl.java:43)
	at java.lang.reflect.Method.invoke(Method.java:483)
	at org.codehaus.plexus.classworlds.launcher.Launcher.launchEnhanced(Launcher.java:290)
	at org.codehaus.plexus.classworlds.launcher.Launcher.launch(Launcher.java:230)
	at org.codehaus.plexus.classworlds.launcher.Launcher.mainWithExitCode(Launcher.java:409)
	at org.codehaus.plexus.classworlds.launcher.Launcher.main(Launcher.java:352)
2014-04-06 22:17:30.245:WARN:oejsh.RequestLogHandler:main: !RequestLog
2014-04-06 22:17:30.273:INFO:oejs.ServerConnector:main: Started ServerConnector@5f577419{HTTP/1.1}{0.0.0.0:8080}
[INFO] Started Jetty Server
[INFO] Starting scanner at interval of 2 seconds.
2014-04-06 22:17:40.511:INFO:oejs.ServerConnector:Thread-1: Stopped ServerConnector@5f577419{HTTP/1.1}{0.0.0.0:8080}
2014-04-06 22:17:41.013:INFO:oejsh.ContextHandler:Thread-1: Stopped o.e.j.m.p.JettyWebAppContext@63fd4873{/,file:/home/meelis/TheWorldNews/src/main/webapp/,UNAVAILABLE}{file:/home/meelis/TheWorldNews/src/main/webapp/}
[INFO] Jetty server exiting.
[INFO] ------------------------------------------------------------------------
[INFO] BUILD SUCCESS
[INFO] ------------------------------------------------------------------------
[INFO] Total time: 13.223s
